C:\Program Files\Microsoft Visual Studio\2022\Community\MSBuild\Microsoft\VC\v170\Microsoft.CppBuild.targets(531,5): warning MSB8028: The intermediate directory (x64\Debug\) contains files shared from another project (Project2.vcxproj).  This can lead to incorrect clean and rebuild behavior.
  GAME.cpp
C:\Users\Lenovo T431s A&I\source\repos\chess2\chess2\GAME.cpp(185,112): warning C4244: 'argument': conversion from 'T' to 'T', possible loss of data
          with
          [
              T=unsigned int
          ]
          and
          [
              T=float
          ]
C:\Users\Lenovo T431s A&I\source\repos\chess2\chess2\GAME.cpp(185,72): warning C4244: 'argument': conversion from 'T' to 'T', possible loss of data
          with
          [
              T=unsigned int
          ]
          and
          [
              T=float
          ]
  chess2.vcxproj -> C:\Users\Lenovo T431s A&I\source\repos\chess2\x64\Debug\chess2.exe
